mode: set
github.com/martinhoefling/goxkcdpwgen/xkcdpwgen/pwgen.go:14.32,21.2 6 1
github.com/martinhoefling/goxkcdpwgen/xkcdpwgen/pwgen.go:24.47,26.2 1 0
github.com/martinhoefling/goxkcdpwgen/xkcdpwgen/pwgen.go:29.53,31.34 2 1
github.com/martinhoefling/goxkcdpwgen/xkcdpwgen/pwgen.go:38.2,38.41 1 1
github.com/martinhoefling/goxkcdpwgen/xkcdpwgen/pwgen.go:31.34,32.19 1 1
github.com/martinhoefling/goxkcdpwgen/xkcdpwgen/pwgen.go:32.19,34.4 1 1
github.com/martinhoefling/goxkcdpwgen/xkcdpwgen/pwgen.go:34.4,36.4 1 1
github.com/martinhoefling/goxkcdpwgen/xkcdpwgen/pwgen.go:42.44,44.2 1 1
github.com/martinhoefling/goxkcdpwgen/xkcdpwgen/pwgen.go:47.52,49.2 1 1
github.com/martinhoefling/goxkcdpwgen/xkcdpwgen/pwgen.go:52.43,54.2 1 0
github.com/martinhoefling/goxkcdpwgen/xkcdpwgen/pwgen.go:57.43,59.2 1 0
github.com/martinhoefling/goxkcdpwgen/xkcdpwgen/pwgen.go:62.52,64.2 1 1
github.com/martinhoefling/goxkcdpwgen/xkcdpwgen/pwgen.go:67.52,69.2 1 1
github.com/martinhoefling/goxkcdpwgen/xkcdpwgen/pwgen.go:71.39,73.2 1 1
github.com/martinhoefling/goxkcdpwgen/xkcdpwgen/random.go:14.13,17.2 1 1
github.com/martinhoefling/goxkcdpwgen/xkcdpwgen/random.go:19.33,21.16 2 1
github.com/martinhoefling/goxkcdpwgen/xkcdpwgen/random.go:24.2,25.23 2 0
github.com/martinhoefling/goxkcdpwgen/xkcdpwgen/random.go:21.16,23.3 1 1
